2021-06-13 21:37:15,748 ERROR ch.hearc.cafheg.infrastructure.application.Application [main] Erreur from LogBack
java.lang.NullPointerException: null
	at ch.hearc.cafheg.infrastructure.application.Application.start(Application.java:30)
	at ch.hearc.cafheg.infrastructure.application.Application.main(Application.java:21)
2021-06-13 21:37:17,444 ERROR ch.hearc.cafheg.infrastructure.application.Application [main] ERROR {}
java.lang.IllegalArgumentException: Sorry IllegalArgumentException!
	at ch.hearc.cafheg.infrastructure.application.Application.getData(Application.java:44)
	at ch.hearc.cafheg.infrastructure.application.Application.start(Application.java:35)
	at ch.hearc.cafheg.infrastructure.application.Application.main(Application.java:21)
2021-06-13 21:37:17,447 INFO ch.hearc.cafheg.infrastructure.application.Application [main] INFO {}
java.lang.IllegalArgumentException: Sorry IllegalArgumentException!
	at ch.hearc.cafheg.infrastructure.application.Application.getData(Application.java:44)
	at ch.hearc.cafheg.infrastructure.application.Application.start(Application.java:35)
	at ch.hearc.cafheg.infrastructure.application.Application.main(Application.java:21)
2021-06-13 21:37:18,190 INFO ch.hearc.cafheg.infrastructure.application.Application [main] Starting Application on IG16-GOSSIZ with PID 16876 (started by zacharie.gossi in C:\HE-ARC\07_Semestre8\Industrialisation du logiciel\cafheg_zako)
2021-06-13 21:37:18,191 INFO ch.hearc.cafheg.infrastructure.application.Application [main] No active profile set, falling back to default profiles: default
2021-06-13 21:37:20,124 INFO ch.hearc.cafheg.infrastructure.application.Application [main] starting AllocationService
2021-06-13 21:37:20,125 ERROR ch.hearc.cafheg.infrastructure.application.Application [main] This is an error
2021-06-13 21:37:20,989 INFO ch.hearc.cafheg.infrastructure.application.Application [main] Started Application in 3.43 seconds (JVM running for 7.777)
2021-06-13 21:38:31,015 ERROR ch.hearc.cafheg.infrastructure.application.Application [main] Erreur from LogBack
java.lang.NullPointerException: null
	at ch.hearc.cafheg.infrastructure.application.Application.start(Application.java:30)
	at ch.hearc.cafheg.infrastructure.application.Application.main(Application.java:21)
